TpTrace Verbose: 0 : 19824, 1, 2024/03/06, 16:00:49.090, 2582157690700, datacollector.dll, Version: 17.6.0-release-20230405-08
TpTrace Information: 0 : 19824, 1, 2024/03/06, 16:00:49.101, 2582157803444, datacollector.dll, DataCollectorMain.Run: Starting data collector run with args: --port,52170,--parentprocessid,2508,--diag,C:\Users\33651\Desktop\.NET projects\AppEnergyTests\bin\Debug\net6.0-windows\fine-code-coverage\coverage-tool-output\diagnostics.datacollector.24-03-06_16-00-48_75326_5.log,--tracelevel,4
TpTrace Information: 0 : 19824, 1, 2024/03/06, 16:00:49.102, 2582157806223, datacollector.dll, DataCollector: Monitoring parent process with id: '2508'
TpTrace Information: 0 : 19824, 1, 2024/03/06, 16:00:49.114, 2582157933320, datacollector.dll, Trying to connect to server on socket : 127.0.0.1:52170 
TpTrace Verbose: 0 : 19824, 1, 2024/03/06, 16:00:49.143, 2582158219781, datacollector.dll, SocketCommunicationManager : SetupClientAsync : Attempting to connect to the server.
TpTrace Information: 0 : 19824, 6, 2024/03/06, 16:00:49.169, 2582158479174, datacollector.dll, Connected to the server successfully 
TpTrace Information: 0 : 19824, 6, 2024/03/06, 16:00:49.169, 2582158482108, datacollector.dll, Using the buffer size of 16384 bytes
TpTrace Information: 0 : 19824, 1, 2024/03/06, 16:00:49.366, 2582160448624, datacollector.dll, DataCollector: Start Request Processing.
TpTrace Verbose: 0 : 19824, 1, 2024/03/06, 16:00:49.367, 2582160454971, datacollector.dll, SocketCommunicationManager.WaitForServerConnection took: 0 ms, with 90000 ms timeout, and finished with True.
TpTrace Information: 0 : 19824, 1, 2024/03/06, 16:00:49.368, 2582160464324, datacollector.dll, DataCollectionRequestHandler.ProcessRequests: Datacollector received message: (DataCollection.BeforeTestRunStart) -> {"MessageType":"DataCollection.BeforeTestRunStart","Payload":{"SettingsXml":"<RunSettings><RunConfiguration><ResultsDirectory>C:\\Users\\33651\\Desktop\\.NET projects\\AppEnergyTests\\bin\\Debug\\net6.0-windows\\fine-code-coverage\\coverage-tool-output</ResultsDirectory><TargetPlatform>X64</TargetPlatform><TargetFrameworkVersion>.NETCoreApp,Version=v6.0</TargetFrameworkVersion><DesignMode>False</DesignMode><CollectSourceInformation>False</CollectSourceInformation><TestAdaptersPaths>C:\\Program Files\\dotnet\\sdk\\7.0.304\\Extensions</TestAdaptersPaths></RunConfiguration><LoggerRunSettings><Loggers><Logger friendlyName=\"blame\" enabled=\"True\" /><Logger friendlyName=\"Console\" uri=\"logger://microsoft/TestPlatform/ConsoleLogger/v1\" assemblyQualifiedName=\"Microsoft.VisualStudio.TestPlatform.CommandLine.Internal.ConsoleLogger, vstest.console, Version=15.0.0.0, Culture=neutral, PublicKeyToken=b03f5f7f11d50a3a\" codeBase=\"C:\\Program Files\\dotnet\\sdk\\7.0.304\\vstest.console.dll\" enabled=\"True\" /></Loggers></LoggerRunSettings><DataCollectionRunSettings><DataCollectors><DataCollector friendlyName=\"blame\" enabled=\"True\"><Configuration><ResultsDirectory>C:\\Users\\33651\\Desktop\\.NET projects\\AppEnergyTests\\bin\\Debug\\net6.0-windows\\fine-code-coverage\\coverage-tool-output</ResultsDirectory></Configuration></DataCollector></DataCollectors></DataCollectionRunSettings></RunSettings>","Sources":["C:\\Users\\33651\\Desktop\\.NET projects\\AppEnergyTests\\bin\\Debug\\net6.0-windows\\fine-code-coverage\\build-output\\AppEnergyTests.dll"],"IsTelemetryOptedIn":false}}
TpTrace Verbose: 0 : 19824, 1, 2024/03/06, 16:00:49.468, 2582161472178, datacollector.dll, TestPluginCache: Update extensions started. Skip filter = False
TpTrace Verbose: 0 : 19824, 1, 2024/03/06, 16:00:49.470, 2582161491684, datacollector.dll, TestPluginCache: Using directories for assembly resolution 'C:\Program Files\dotnet\sdk\7.0.304\Extensions'.
TpTrace Verbose: 0 : 19824, 1, 2024/03/06, 16:00:49.470, 2582161493450, datacollector.dll, TestPluginCache: Updated the available extensions to 'C:\Program Files\dotnet\sdk\7.0.304\Extensions\Microsoft.TestPlatform.Extensions.BlameDataCollector.dll,C:\Program Files\dotnet\sdk\7.0.304\Extensions\Microsoft.TestPlatform.Extensions.EventLogCollector.dll'.
TpTrace Verbose: 0 : 19824, 1, 2024/03/06, 16:00:49.486, 2582161651053, datacollector.dll, TestPluginCache.DiscoverTestExtensions: finding test extensions in assemblies ends with: Collector.dll TPluginInfo: Microsoft.VisualStudio.TestPlatform.Common.DataCollector.DataCollectorConfig TExtension: Microsoft.VisualStudio.TestPlatform.ObjectModel.DataCollection.DataCollector
TpTrace Verbose: 0 : 19824, 1, 2024/03/06, 16:00:49.493, 2582161713794, datacollector.dll, TestPluginCache.GetExtensionPaths: Filtered extension paths: C:\Program Files\dotnet\sdk\7.0.304\Extensions\Microsoft.TestPlatform.Extensions.BlameDataCollector.dll
C:\Program Files\dotnet\sdk\7.0.304\Extensions\Microsoft.TestPlatform.Extensions.EventLogCollector.dll
TpTrace Verbose: 0 : 19824, 1, 2024/03/06, 16:00:49.493, 2582161715747, datacollector.dll, TestPluginCache.GetExtensionPaths: Added default extension paths: 
TpTrace Verbose: 0 : 19824, 1, 2024/03/06, 16:00:49.493, 2582161716632, datacollector.dll, TestPluginCache.GetExtensionPaths: Added unfilterableExtensionPaths: 
TpTrace Information: 0 : 19824, 1, 2024/03/06, 16:00:49.494, 2582161732607, datacollector.dll, AssemblyResolver.ctor: Creating AssemblyResolver with searchDirectories C:\Program Files\dotnet\sdk\7.0.304\Extensions,C:\Program Files\dotnet\sdk\7.0.304
TpTrace Verbose: 0 : 19824, 1, 2024/03/06, 16:00:49.496, 2582161753111, datacollector.dll, TestPluginCache.DiscoverTestExtensions: Discovering the extensions using extension path.
TpTrace Verbose: 0 : 19824, 1, 2024/03/06, 16:00:49.497, 2582161757540, datacollector.dll, TestPluginCache.GetExtensionPaths: Filtered extension paths: C:\Program Files\dotnet\sdk\7.0.304\Extensions\Microsoft.TestPlatform.Extensions.BlameDataCollector.dll
C:\Program Files\dotnet\sdk\7.0.304\Extensions\Microsoft.TestPlatform.Extensions.EventLogCollector.dll
TpTrace Verbose: 0 : 19824, 1, 2024/03/06, 16:00:49.497, 2582161758515, datacollector.dll, TestPluginCache.GetExtensionPaths: Added default extension paths: 
TpTrace Verbose: 0 : 19824, 1, 2024/03/06, 16:00:49.497, 2582161759133, datacollector.dll, TestPluginCache.GetExtensionPaths: Added unfilterableExtensionPaths: 
TpTrace Verbose: 0 : 19824, 1, 2024/03/06, 16:00:49.497, 2582161760207, datacollector.dll, TestPluginCache.DiscoverTestExtensions: Discovering the extensions using allExtensionPaths: C:\Program Files\dotnet\sdk\7.0.304\Extensions\Microsoft.TestPlatform.Extensions.BlameDataCollector.dll
C:\Program Files\dotnet\sdk\7.0.304\Extensions\Microsoft.TestPlatform.Extensions.EventLogCollector.dll
TpTrace Information: 0 : 19824, 1, 2024/03/06, 16:00:49.498, 2582161763602, datacollector.dll, AssemblyResolver.AddSearchDirectories: Adding more searchDirectories C:\Program Files\dotnet\sdk\7.0.304\Extensions,C:\Program Files\dotnet\sdk\7.0.304
TpTrace Information: 0 : 19824, 1, 2024/03/06, 16:00:49.498, 2582161765457, datacollector.dll, AssemblyResolver.AddSearchDirectories: Adding more searchDirectories C:\Program Files\dotnet\sdk\7.0.304\Extensions,C:\Program Files\dotnet\sdk\7.0.304
TpTrace Information: 0 : 19824, 1, 2024/03/06, 16:00:49.499, 2582161774065, datacollector.dll, AssemblyResolver.OnResolve: Microsoft.TestPlatform.Extensions.BlameDataCollector: Resolving assembly.
TpTrace Information: 0 : 19824, 1, 2024/03/06, 16:00:49.499, 2582161776258, datacollector.dll, AssemblyResolver.OnResolve: Microsoft.TestPlatform.Extensions.BlameDataCollector: Searching in: 'C:\Program Files\dotnet\sdk\7.0.304\Extensions'.
TpTrace Information: 0 : 19824, 1, 2024/03/06, 16:00:49.516, 2582161950462, datacollector.dll, AssemblyResolver.OnResolve: Microsoft.TestPlatform.Extensions.BlameDataCollector: Loading assembly 'C:\Program Files\dotnet\sdk\7.0.304\Extensions\Microsoft.TestPlatform.Extensions.BlameDataCollector.dll'.
TpTrace Information: 0 : 19824, 1, 2024/03/06, 16:00:49.518, 2582161967814, datacollector.dll, AssemblyResolver.OnResolve: Resolved assembly: Microsoft.TestPlatform.Extensions.BlameDataCollector, from path: C:\Program Files\dotnet\sdk\7.0.304\Extensions\Microsoft.TestPlatform.Extensions.BlameDataCollector.dll
TpTrace Verbose: 0 : 19824, 1, 2024/03/06, 16:00:49.520, 2582161990876, datacollector.dll, MetadataReaderExtensionsHelper: Discovering extensions inside assembly 'Microsoft.TestPlatform.Extensions.BlameDataCollector, Version=15.0.0.0, Culture=neutral, PublicKeyToken=b03f5f7f11d50a3a' file path 'C:\Program Files\dotnet\sdk\7.0.304\Extensions\Microsoft.TestPlatform.Extensions.BlameDataCollector.dll'
TpTrace Error: 0 : 19824, 1, 2024/03/06, 16:00:49.527, 2582162060547, datacollector.dll, The type "Microsoft.TestPlatform.Extensions.BlameDataCollector.BlameCollector" defined in "Microsoft.TestPlatform.Extensions.BlameDataCollector.dll" does not have ExtensionUri attribute.
TpTrace Information: 0 : 19824, 1, 2024/03/06, 16:00:49.529, 2582162080861, datacollector.dll, GetTestExtensionFromType: Register extension with identifier data 'datacollector://microsoft/TestPlatform/Extensions/Blame/v1' and type 'Microsoft.TestPlatform.Extensions.BlameDataCollector.BlameCollector, Microsoft.TestPlatform.Extensions.BlameDataCollector, Version=15.0.0.0, Culture=neutral, PublicKeyToken=b03f5f7f11d50a3a' inside file 'C:\Program Files\dotnet\sdk\7.0.304\Extensions\Microsoft.TestPlatform.Extensions.BlameDataCollector.dll'
TpTrace Information: 0 : 19824, 1, 2024/03/06, 16:00:49.530, 2582162083941, datacollector.dll, AssemblyResolver.OnResolve: Microsoft.TestPlatform.Extensions.EventLogCollector: Resolving assembly.
TpTrace Information: 0 : 19824, 1, 2024/03/06, 16:00:49.530, 2582162085302, datacollector.dll, AssemblyResolver.OnResolve: Microsoft.TestPlatform.Extensions.EventLogCollector: Searching in: 'C:\Program Files\dotnet\sdk\7.0.304\Extensions'.
TpTrace Information: 0 : 19824, 1, 2024/03/06, 16:00:49.531, 2582162099368, datacollector.dll, AssemblyResolver.OnResolve: Microsoft.TestPlatform.Extensions.EventLogCollector: Loading assembly 'C:\Program Files\dotnet\sdk\7.0.304\Extensions\Microsoft.TestPlatform.Extensions.EventLogCollector.dll'.
TpTrace Information: 0 : 19824, 1, 2024/03/06, 16:00:49.533, 2582162113869, datacollector.dll, AssemblyResolver.OnResolve: Resolved assembly: Microsoft.TestPlatform.Extensions.EventLogCollector, from path: C:\Program Files\dotnet\sdk\7.0.304\Extensions\Microsoft.TestPlatform.Extensions.EventLogCollector.dll
TpTrace Verbose: 0 : 19824, 1, 2024/03/06, 16:00:49.533, 2582162116115, datacollector.dll, MetadataReaderExtensionsHelper: Discovering extensions inside assembly 'Microsoft.TestPlatform.Extensions.EventLogCollector, Version=15.0.0.0, Culture=neutral, PublicKeyToken=b03f5f7f11d50a3a' file path 'C:\Program Files\dotnet\sdk\7.0.304\Extensions\Microsoft.TestPlatform.Extensions.EventLogCollector.dll'
TpTrace Error: 0 : 19824, 1, 2024/03/06, 16:00:49.539, 2582162182014, datacollector.dll, The type "Microsoft.TestPlatform.Extensions.EventLogCollector.EventLogDataCollector" defined in "Microsoft.TestPlatform.Extensions.EventLogCollector.dll" does not have ExtensionUri attribute.
TpTrace Information: 0 : 19824, 1, 2024/03/06, 16:00:49.540, 2582162186108, datacollector.dll, GetTestExtensionFromType: Register extension with identifier data 'datacollector://microsoft/EventLog/2.0' and type 'Microsoft.TestPlatform.Extensions.EventLogCollector.EventLogDataCollector, Microsoft.TestPlatform.Extensions.EventLogCollector, Version=15.0.0.0, Culture=neutral, PublicKeyToken=b03f5f7f11d50a3a' inside file 'C:\Program Files\dotnet\sdk\7.0.304\Extensions\Microsoft.TestPlatform.Extensions.EventLogCollector.dll'
TpTrace Verbose: 0 : 19824, 1, 2024/03/06, 16:00:49.541, 2582162193573, datacollector.dll, TestPluginCache: Discovered the extensions using extension path 'C:\Program Files\dotnet\sdk\7.0.304\Extensions\Microsoft.TestPlatform.Extensions.BlameDataCollector.dll,C:\Program Files\dotnet\sdk\7.0.304\Extensions\Microsoft.TestPlatform.Extensions.EventLogCollector.dll'.
TpTrace Verbose: 0 : 19824, 1, 2024/03/06, 16:00:49.541, 2582162195195, datacollector.dll, TestPluginCache: Discoverers are ''.
TpTrace Verbose: 0 : 19824, 1, 2024/03/06, 16:00:49.541, 2582162195839, datacollector.dll, TestPluginCache: Executors are ''.
TpTrace Verbose: 0 : 19824, 1, 2024/03/06, 16:00:49.541, 2582162196611, datacollector.dll, TestPluginCache: Executors2 are ''.
TpTrace Verbose: 0 : 19824, 1, 2024/03/06, 16:00:49.541, 2582162197235, datacollector.dll, TestPluginCache: Setting providers are ''.
TpTrace Verbose: 0 : 19824, 1, 2024/03/06, 16:00:49.541, 2582162197805, datacollector.dll, TestPluginCache: Loggers are ''.
TpTrace Verbose: 0 : 19824, 1, 2024/03/06, 16:00:49.541, 2582162198345, datacollector.dll, TestPluginCache: TestHosts are ''.
TpTrace Verbose: 0 : 19824, 1, 2024/03/06, 16:00:49.541, 2582162202880, datacollector.dll, TestPluginCache: DataCollectors are 'datacollector://microsoft/TestPlatform/Extensions/Blame/v1,datacollector://microsoft/EventLog/2.0'.
TpTrace Information: 0 : 19824, 1, 2024/03/06, 16:00:49.545, 2582162238427, datacollector.dll, TestPluginManager.CreateTestExtension: Attempting to load test extension: Microsoft.TestPlatform.Extensions.BlameDataCollector.BlameCollector
TpTrace Information: 0 : 19824, 1, 2024/03/06, 16:00:49.554, 2582162332422, datacollector.dll, [MonitorPostmortemDump]Monitor enabled: 'False'
TpTrace Verbose: 0 : 19824, 1, 2024/03/06, 16:00:49.557, 2582162354356, datacollector.dll, MulticastDelegateUtilities.SafeInvoke: DataCollectionEvents.SessionStart: Invoking callbacks was skipped because there are no subscribers.
TpTrace Information: 0 : 19824, 1, 2024/03/06, 16:00:49.558, 2582162364768, datacollector.dll, Listening on Endpoint : 127.0.0.1:52172
TpTrace Information: 0 : 19824, 1, 2024/03/06, 16:00:49.577, 2582162558500, datacollector.dll, DataCollectionRequestHandler.ProcessRequests : DataCollection started.
TpTrace Information: 0 : 19824, 1, 2024/03/06, 16:00:49.611, 2582162902002, datacollector.dll, DataCollectionRequestHandler.ProcessRequests: Datacollector received message: (DataCollection.TestHostLaunched) -> {"MessageType":"DataCollection.TestHostLaunched","Payload":{"ProcessId":10516}}
TpTrace Verbose: 0 : 19824, 1, 2024/03/06, 16:00:49.615, 2582162942638, datacollector.dll, MulticastDelegateUtilities.SafeInvoke: DataCollectionEvents.TestHostLaunched: Invoking callback 1/1 for Microsoft.TestPlatform.Extensions.BlameDataCollector.BlameCollector., took 0 ms.
TpTrace Information: 0 : 19824, 8, 2024/03/06, 16:00:50.019, 2582166982824, datacollector.dll, Using the buffer size of 16384 bytes
TpTrace Verbose: 0 : 19824, 6, 2024/03/06, 16:00:50.019, 2582166983118, datacollector.dll, SocketCommunicationManager.WaitForClientConnection took: 453 ms, with 90000 ms timeout, and finished with True.
TpTrace Information: 0 : 19824, 8, 2024/03/06, 16:00:50.020, 2582166985283, datacollector.dll, Accepted Client request and set the flag
TpTrace Information: 0 : 19824, 6, 2024/03/06, 16:00:53.326, 2582200048311, datacollector.dll, DataCollectionTestCaseEventHandler: Test case starting.
TpTrace Information: 0 : 19824, 6, 2024/03/06, 16:00:53.356, 2582200353384, datacollector.dll, BlameCollector.EventsTestCaseStart: Test Case Start
TpTrace Verbose: 0 : 19824, 6, 2024/03/06, 16:00:53.357, 2582200358038, datacollector.dll, MulticastDelegateUtilities.SafeInvoke: DataCollectionEvents.TestCaseStart: Invoking callback 1/1 for Microsoft.TestPlatform.Extensions.BlameDataCollector.BlameCollector., took 0 ms.
TpTrace Information: 0 : 19824, 6, 2024/03/06, 16:00:53.357, 2582200362826, datacollector.dll, DataCollectionTestCaseEventHandler: Test case 'AppEnergyTests.EquipmentSerciceTest.GetEquipmentPerClient_SuccessfullyRetrievesTheRightAmountOfEquipments - e2965fc6-f8ab-7de6-0175-d606a7a07577' started.
TpTrace Information: 0 : 19824, 6, 2024/03/06, 16:00:53.359, 2582200377044, datacollector.dll, DataCollectionTestCaseEventHandler: Test case starting.
TpTrace Information: 0 : 19824, 6, 2024/03/06, 16:00:53.361, 2582200396022, datacollector.dll, BlameCollector.EventsTestCaseStart: Test Case Start
TpTrace Verbose: 0 : 19824, 6, 2024/03/06, 16:00:53.361, 2582200398208, datacollector.dll, MulticastDelegateUtilities.SafeInvoke: DataCollectionEvents.TestCaseStart: Invoking callback 1/1 for Microsoft.TestPlatform.Extensions.BlameDataCollector.BlameCollector., took 0 ms.
TpTrace Information: 0 : 19824, 6, 2024/03/06, 16:00:53.362, 2582200403802, datacollector.dll, DataCollectionTestCaseEventHandler: Test case 'AppEnergyTests.IssueServiceTest.CreateIssue_ThrowsErrorIfNoStatus - f86eb828-415d-982e-9608-8b04dab09195' started.
TpTrace Information: 0 : 19824, 6, 2024/03/06, 16:00:53.363, 2582200415479, datacollector.dll, DataCollectionTestCaseEventHandler: Test case starting.
TpTrace Information: 0 : 19824, 6, 2024/03/06, 16:00:53.364, 2582200426283, datacollector.dll, BlameCollector.EventsTestCaseStart: Test Case Start
TpTrace Verbose: 0 : 19824, 6, 2024/03/06, 16:00:53.364, 2582200427517, datacollector.dll, MulticastDelegateUtilities.SafeInvoke: DataCollectionEvents.TestCaseStart: Invoking callback 1/1 for Microsoft.TestPlatform.Extensions.BlameDataCollector.BlameCollector., took 0 ms.
TpTrace Information: 0 : 19824, 6, 2024/03/06, 16:00:53.364, 2582200429595, datacollector.dll, DataCollectionTestCaseEventHandler: Test case 'AppEnergyTests.MaintenanceServiceTest.CreateMaintenance_ThrowErrorIfNoEquipment - e4b8f094-80e5-8646-f195-4be724f98389' started.
TpTrace Information: 0 : 19824, 6, 2024/03/06, 16:00:53.365, 2582200439449, datacollector.dll, DataCollectionTestCaseEventHandler: Test case starting.
TpTrace Information: 0 : 19824, 6, 2024/03/06, 16:00:53.366, 2582200448782, datacollector.dll, BlameCollector.EventsTestCaseStart: Test Case Start
TpTrace Verbose: 0 : 19824, 6, 2024/03/06, 16:00:53.366, 2582200450377, datacollector.dll, MulticastDelegateUtilities.SafeInvoke: DataCollectionEvents.TestCaseStart: Invoking callback 1/1 for Microsoft.TestPlatform.Extensions.BlameDataCollector.BlameCollector., took 0 ms.
TpTrace Information: 0 : 19824, 6, 2024/03/06, 16:00:53.366, 2582200452379, datacollector.dll, DataCollectionTestCaseEventHandler: Test case 'AppEnergyTests.ClientServiceTest.AddClient_ThrowsErrorIfIncompleteName - 406a65fe-9126-e457-7658-bd18ec3d1617' started.
TpTrace Information: 0 : 19824, 6, 2024/03/06, 16:00:53.379, 2582200574881, datacollector.dll, DataCollectionTestCaseEventHandler: Test case completing.
TpTrace Information: 0 : 19824, 6, 2024/03/06, 16:00:53.386, 2582200647666, datacollector.dll, BlameCollector.EventsTestCaseEnd: Test Case End
TpTrace Verbose: 0 : 19824, 6, 2024/03/06, 16:00:53.387, 2582200654056, datacollector.dll, MulticastDelegateUtilities.SafeInvoke: DataCollectionEvents.TestCaseEnd: Invoking callback 1/1 for Microsoft.TestPlatform.Extensions.BlameDataCollector.BlameCollector., took 0 ms.
TpTrace Information: 0 : 19824, 6, 2024/03/06, 16:00:53.392, 2582200711510, datacollector.dll, DataCollectionTestCaseEventHandler: Test case 'AppEnergyTests.IssueServiceTest.CreateIssue_ThrowsErrorIfNoStatus - f86eb828-415d-982e-9608-8b04dab09195' completed
TpTrace Information: 0 : 19824, 6, 2024/03/06, 16:00:53.413, 2582200915944, datacollector.dll, DataCollectionTestCaseEventHandler: Test case completing.
TpTrace Information: 0 : 19824, 6, 2024/03/06, 16:00:53.414, 2582200932196, datacollector.dll, BlameCollector.EventsTestCaseEnd: Test Case End
TpTrace Verbose: 0 : 19824, 6, 2024/03/06, 16:00:53.415, 2582200933635, datacollector.dll, MulticastDelegateUtilities.SafeInvoke: DataCollectionEvents.TestCaseEnd: Invoking callback 1/1 for Microsoft.TestPlatform.Extensions.BlameDataCollector.BlameCollector., took 0 ms.
TpTrace Information: 0 : 19824, 6, 2024/03/06, 16:00:53.415, 2582200937060, datacollector.dll, DataCollectionTestCaseEventHandler: Test case 'AppEnergyTests.MaintenanceServiceTest.CreateMaintenance_ThrowErrorIfNoEquipment - e4b8f094-80e5-8646-f195-4be724f98389' completed
TpTrace Information: 0 : 19824, 6, 2024/03/06, 16:00:53.416, 2582200952336, datacollector.dll, DataCollectionTestCaseEventHandler: Test case completing.
TpTrace Information: 0 : 19824, 6, 2024/03/06, 16:00:53.417, 2582200963376, datacollector.dll, BlameCollector.EventsTestCaseEnd: Test Case End
TpTrace Verbose: 0 : 19824, 6, 2024/03/06, 16:00:53.418, 2582200966458, datacollector.dll, MulticastDelegateUtilities.SafeInvoke: DataCollectionEvents.TestCaseEnd: Invoking callback 1/1 for Microsoft.TestPlatform.Extensions.BlameDataCollector.BlameCollector., took 0 ms.
TpTrace Information: 0 : 19824, 6, 2024/03/06, 16:00:53.418, 2582200971105, datacollector.dll, DataCollectionTestCaseEventHandler: Test case 'AppEnergyTests.ClientServiceTest.AddClient_ThrowsErrorIfIncompleteName - 406a65fe-9126-e457-7658-bd18ec3d1617' completed
TpTrace Information: 0 : 19824, 6, 2024/03/06, 16:00:53.427, 2582201060219, datacollector.dll, DataCollectionTestCaseEventHandler: Test case starting.
TpTrace Information: 0 : 19824, 6, 2024/03/06, 16:00:53.428, 2582201071144, datacollector.dll, BlameCollector.EventsTestCaseStart: Test Case Start
TpTrace Verbose: 0 : 19824, 6, 2024/03/06, 16:00:53.428, 2582201072527, datacollector.dll, MulticastDelegateUtilities.SafeInvoke: DataCollectionEvents.TestCaseStart: Invoking callback 1/1 for Microsoft.TestPlatform.Extensions.BlameDataCollector.BlameCollector., took 0 ms.
TpTrace Information: 0 : 19824, 6, 2024/03/06, 16:00:53.429, 2582201074641, datacollector.dll, DataCollectionTestCaseEventHandler: Test case 'AppEnergyTests.MaintenanceServiceTest.DeleteMaintenance_SuccessfullyDeleteMaintenance - 983e96bd-c56e-1616-d669-44b5b07e0b68' started.
TpTrace Information: 0 : 19824, 6, 2024/03/06, 16:00:53.429, 2582201083283, datacollector.dll, DataCollectionTestCaseEventHandler: Test case starting.
TpTrace Information: 0 : 19824, 6, 2024/03/06, 16:00:53.430, 2582201092330, datacollector.dll, BlameCollector.EventsTestCaseStart: Test Case Start
TpTrace Verbose: 0 : 19824, 6, 2024/03/06, 16:00:53.431, 2582201093516, datacollector.dll, MulticastDelegateUtilities.SafeInvoke: DataCollectionEvents.TestCaseStart: Invoking callback 1/1 for Microsoft.TestPlatform.Extensions.BlameDataCollector.BlameCollector., took 0 ms.
TpTrace Information: 0 : 19824, 6, 2024/03/06, 16:00:53.431, 2582201095586, datacollector.dll, DataCollectionTestCaseEventHandler: Test case 'AppEnergyTests.ClientServiceTest.AddClient_ThrowsErrorIfNoContactDetails - 27f42d90-e98d-c884-0570-e89f1776511c' started.
TpTrace Information: 0 : 19824, 6, 2024/03/06, 16:00:53.432, 2582201103776, datacollector.dll, DataCollectionTestCaseEventHandler: Test case starting.
TpTrace Information: 0 : 19824, 6, 2024/03/06, 16:00:53.432, 2582201112720, datacollector.dll, BlameCollector.EventsTestCaseStart: Test Case Start
TpTrace Verbose: 0 : 19824, 6, 2024/03/06, 16:00:53.433, 2582201113863, datacollector.dll, MulticastDelegateUtilities.SafeInvoke: DataCollectionEvents.TestCaseStart: Invoking callback 1/1 for Microsoft.TestPlatform.Extensions.BlameDataCollector.BlameCollector., took 0 ms.
TpTrace Information: 0 : 19824, 6, 2024/03/06, 16:00:53.433, 2582201115745, datacollector.dll, DataCollectionTestCaseEventHandler: Test case 'AppEnergyTests.IssueServiceTest.CreateIssue_SuccessfullyCreateIssue - 4b80b5b0-d73e-e70a-e3e4-c85f12104a88' started.
TpTrace Information: 0 : 19824, 6, 2024/03/06, 16:00:53.434, 2582201127063, datacollector.dll, DataCollectionTestCaseEventHandler: Test case completing.
TpTrace Information: 0 : 19824, 6, 2024/03/06, 16:00:53.435, 2582201137861, datacollector.dll, BlameCollector.EventsTestCaseEnd: Test Case End
TpTrace Verbose: 0 : 19824, 6, 2024/03/06, 16:00:53.435, 2582201139326, datacollector.dll, MulticastDelegateUtilities.SafeInvoke: DataCollectionEvents.TestCaseEnd: Invoking callback 1/1 for Microsoft.TestPlatform.Extensions.BlameDataCollector.BlameCollector., took 0 ms.
TpTrace Information: 0 : 19824, 6, 2024/03/06, 16:00:53.435, 2582201142065, datacollector.dll, DataCollectionTestCaseEventHandler: Test case 'AppEnergyTests.EquipmentSerciceTest.GetEquipmentPerClient_SuccessfullyRetrievesTheRightAmountOfEquipments - e2965fc6-f8ab-7de6-0175-d606a7a07577' completed
TpTrace Information: 0 : 19824, 6, 2024/03/06, 16:00:53.437, 2582201162559, datacollector.dll, DataCollectionTestCaseEventHandler: Test case starting.
TpTrace Information: 0 : 19824, 6, 2024/03/06, 16:00:53.438, 2582201173104, datacollector.dll, BlameCollector.EventsTestCaseStart: Test Case Start
TpTrace Verbose: 0 : 19824, 6, 2024/03/06, 16:00:53.439, 2582201174559, datacollector.dll, MulticastDelegateUtilities.SafeInvoke: DataCollectionEvents.TestCaseStart: Invoking callback 1/1 for Microsoft.TestPlatform.Extensions.BlameDataCollector.BlameCollector., took 0 ms.
TpTrace Information: 0 : 19824, 6, 2024/03/06, 16:00:53.439, 2582201176750, datacollector.dll, DataCollectionTestCaseEventHandler: Test case 'AppEnergyTests.EquipmentSerciceTest.CreateEquipment_THrowsErrorIfNoDate - 491cfc40-17a4-991b-fcb1-5eb193a4017b' started.
TpTrace Information: 0 : 19824, 6, 2024/03/06, 16:00:53.440, 2582201186141, datacollector.dll, DataCollectionTestCaseEventHandler: Test case completing.
TpTrace Information: 0 : 19824, 6, 2024/03/06, 16:00:53.441, 2582201195749, datacollector.dll, BlameCollector.EventsTestCaseEnd: Test Case End
TpTrace Verbose: 0 : 19824, 6, 2024/03/06, 16:00:53.441, 2582201196939, datacollector.dll, MulticastDelegateUtilities.SafeInvoke: DataCollectionEvents.TestCaseEnd: Invoking callback 1/1 for Microsoft.TestPlatform.Extensions.BlameDataCollector.BlameCollector., took 0 ms.
TpTrace Information: 0 : 19824, 6, 2024/03/06, 16:00:53.441, 2582201199187, datacollector.dll, DataCollectionTestCaseEventHandler: Test case 'AppEnergyTests.EquipmentSerciceTest.CreateEquipment_THrowsErrorIfNoDate - 491cfc40-17a4-991b-fcb1-5eb193a4017b' completed
TpTrace Information: 0 : 19824, 6, 2024/03/06, 16:00:53.443, 2582201214169, datacollector.dll, DataCollectionTestCaseEventHandler: Test case starting.
TpTrace Information: 0 : 19824, 6, 2024/03/06, 16:00:53.444, 2582201224741, datacollector.dll, BlameCollector.EventsTestCaseStart: Test Case Start
TpTrace Verbose: 0 : 19824, 6, 2024/03/06, 16:00:53.444, 2582201226003, datacollector.dll, MulticastDelegateUtilities.SafeInvoke: DataCollectionEvents.TestCaseStart: Invoking callback 1/1 for Microsoft.TestPlatform.Extensions.BlameDataCollector.BlameCollector., took 0 ms.
TpTrace Information: 0 : 19824, 6, 2024/03/06, 16:00:53.444, 2582201228086, datacollector.dll, DataCollectionTestCaseEventHandler: Test case 'AppEnergyTests.EquipmentSerciceTest.CreateEquipment_ThrowsErrorIfNoClient - 06d2260d-6890-fd5b-423f-640c52ca6fc1' started.
TpTrace Information: 0 : 19824, 6, 2024/03/06, 16:00:53.445, 2582201237965, datacollector.dll, DataCollectionTestCaseEventHandler: Test case completing.
TpTrace Information: 0 : 19824, 6, 2024/03/06, 16:00:53.446, 2582201247360, datacollector.dll, BlameCollector.EventsTestCaseEnd: Test Case End
TpTrace Verbose: 0 : 19824, 6, 2024/03/06, 16:00:53.446, 2582201248496, datacollector.dll, MulticastDelegateUtilities.SafeInvoke: DataCollectionEvents.TestCaseEnd: Invoking callback 1/1 for Microsoft.TestPlatform.Extensions.BlameDataCollector.BlameCollector., took 0 ms.
TpTrace Information: 0 : 19824, 6, 2024/03/06, 16:00:53.446, 2582201250700, datacollector.dll, DataCollectionTestCaseEventHandler: Test case 'AppEnergyTests.MaintenanceServiceTest.DeleteMaintenance_SuccessfullyDeleteMaintenance - 983e96bd-c56e-1616-d669-44b5b07e0b68' completed
TpTrace Information: 0 : 19824, 6, 2024/03/06, 16:00:53.474, 2582201527518, datacollector.dll, DataCollectionTestCaseEventHandler: Test case starting.
TpTrace Information: 0 : 19824, 6, 2024/03/06, 16:00:53.475, 2582201542910, datacollector.dll, BlameCollector.EventsTestCaseStart: Test Case Start
TpTrace Verbose: 0 : 19824, 6, 2024/03/06, 16:00:53.476, 2582201545586, datacollector.dll, MulticastDelegateUtilities.SafeInvoke: DataCollectionEvents.TestCaseStart: Invoking callback 1/1 for Microsoft.TestPlatform.Extensions.BlameDataCollector.BlameCollector., took 0 ms.
TpTrace Information: 0 : 19824, 6, 2024/03/06, 16:00:53.476, 2582201548871, datacollector.dll, DataCollectionTestCaseEventHandler: Test case 'AppEnergyTests.MaintenanceServiceTest.CreateMaintenance_ThrowErrorIfNoStatus - b2db5577-fffb-c516-f17b-60055690ab7b' started.
TpTrace Information: 0 : 19824, 6, 2024/03/06, 16:00:53.478, 2582201563858, datacollector.dll, DataCollectionTestCaseEventHandler: Test case completing.
TpTrace Information: 0 : 19824, 6, 2024/03/06, 16:00:53.479, 2582201579691, datacollector.dll, BlameCollector.EventsTestCaseEnd: Test Case End
TpTrace Verbose: 0 : 19824, 6, 2024/03/06, 16:00:53.479, 2582201582162, datacollector.dll, MulticastDelegateUtilities.SafeInvoke: DataCollectionEvents.TestCaseEnd: Invoking callback 1/1 for Microsoft.TestPlatform.Extensions.BlameDataCollector.BlameCollector., took 0 ms.
TpTrace Information: 0 : 19824, 6, 2024/03/06, 16:00:53.480, 2582201585843, datacollector.dll, DataCollectionTestCaseEventHandler: Test case 'AppEnergyTests.IssueServiceTest.CreateIssue_SuccessfullyCreateIssue - 4b80b5b0-d73e-e70a-e3e4-c85f12104a88' completed
TpTrace Information: 0 : 19824, 6, 2024/03/06, 16:00:53.481, 2582201601950, datacollector.dll, DataCollectionTestCaseEventHandler: Test case starting.
TpTrace Information: 0 : 19824, 6, 2024/03/06, 16:00:53.483, 2582201621428, datacollector.dll, BlameCollector.EventsTestCaseStart: Test Case Start
TpTrace Verbose: 0 : 19824, 6, 2024/03/06, 16:00:53.484, 2582201624406, datacollector.dll, MulticastDelegateUtilities.SafeInvoke: DataCollectionEvents.TestCaseStart: Invoking callback 1/1 for Microsoft.TestPlatform.Extensions.BlameDataCollector.BlameCollector., took 0 ms.
TpTrace Information: 0 : 19824, 6, 2024/03/06, 16:00:53.484, 2582201628376, datacollector.dll, DataCollectionTestCaseEventHandler: Test case 'AppEnergyTests.IssueServiceTest.CreateIssue_ThrowsErrorIfNoDate - 2f7eee86-a1d1-f654-bbb1-8f9d8e14c5f1' started.
TpTrace Information: 0 : 19824, 6, 2024/03/06, 16:00:53.486, 2582201645650, datacollector.dll, DataCollectionTestCaseEventHandler: Test case completing.
TpTrace Information: 0 : 19824, 6, 2024/03/06, 16:00:53.487, 2582201661206, datacollector.dll, BlameCollector.EventsTestCaseEnd: Test Case End
TpTrace Verbose: 0 : 19824, 6, 2024/03/06, 16:00:53.488, 2582201663875, datacollector.dll, MulticastDelegateUtilities.SafeInvoke: DataCollectionEvents.TestCaseEnd: Invoking callback 1/1 for Microsoft.TestPlatform.Extensions.BlameDataCollector.BlameCollector., took 0 ms.
TpTrace Information: 0 : 19824, 6, 2024/03/06, 16:00:53.488, 2582201667784, datacollector.dll, DataCollectionTestCaseEventHandler: Test case 'AppEnergyTests.MaintenanceServiceTest.CreateMaintenance_ThrowErrorIfNoStatus - b2db5577-fffb-c516-f17b-60055690ab7b' completed
TpTrace Information: 0 : 19824, 6, 2024/03/06, 16:00:53.490, 2582201689874, datacollector.dll, DataCollectionTestCaseEventHandler: Test case starting.
TpTrace Information: 0 : 19824, 6, 2024/03/06, 16:00:53.492, 2582201706626, datacollector.dll, BlameCollector.EventsTestCaseStart: Test Case Start
TpTrace Verbose: 0 : 19824, 6, 2024/03/06, 16:00:53.492, 2582201709031, datacollector.dll, MulticastDelegateUtilities.SafeInvoke: DataCollectionEvents.TestCaseStart: Invoking callback 1/1 for Microsoft.TestPlatform.Extensions.BlameDataCollector.BlameCollector., took 0 ms.
TpTrace Information: 0 : 19824, 6, 2024/03/06, 16:00:53.492, 2582201711980, datacollector.dll, DataCollectionTestCaseEventHandler: Test case 'AppEnergyTests.MaintenanceServiceTest.CreateMaintenance_SuccessfullyCreateMaintenance - 4546bd32-7191-6c4e-78fd-23bd6a4fa219' started.
TpTrace Information: 0 : 19824, 6, 2024/03/06, 16:00:53.494, 2582201725791, datacollector.dll, DataCollectionTestCaseEventHandler: Test case completing.
TpTrace Information: 0 : 19824, 6, 2024/03/06, 16:00:53.495, 2582201741458, datacollector.dll, BlameCollector.EventsTestCaseEnd: Test Case End
TpTrace Verbose: 0 : 19824, 6, 2024/03/06, 16:00:53.496, 2582201744180, datacollector.dll, MulticastDelegateUtilities.SafeInvoke: DataCollectionEvents.TestCaseEnd: Invoking callback 1/1 for Microsoft.TestPlatform.Extensions.BlameDataCollector.BlameCollector., took 0 ms.
TpTrace Information: 0 : 19824, 6, 2024/03/06, 16:00:53.496, 2582201748258, datacollector.dll, DataCollectionTestCaseEventHandler: Test case 'AppEnergyTests.IssueServiceTest.CreateIssue_ThrowsErrorIfNoDate - 2f7eee86-a1d1-f654-bbb1-8f9d8e14c5f1' completed
TpTrace Information: 0 : 19824, 6, 2024/03/06, 16:00:53.498, 2582201767715, datacollector.dll, DataCollectionTestCaseEventHandler: Test case starting.
TpTrace Information: 0 : 19824, 6, 2024/03/06, 16:00:53.500, 2582201784642, datacollector.dll, BlameCollector.EventsTestCaseStart: Test Case Start
TpTrace Verbose: 0 : 19824, 6, 2024/03/06, 16:00:53.500, 2582201787143, datacollector.dll, MulticastDelegateUtilities.SafeInvoke: DataCollectionEvents.TestCaseStart: Invoking callback 1/1 for Microsoft.TestPlatform.Extensions.BlameDataCollector.BlameCollector., took 0 ms.
TpTrace Information: 0 : 19824, 6, 2024/03/06, 16:00:53.500, 2582201790206, datacollector.dll, DataCollectionTestCaseEventHandler: Test case 'AppEnergyTests.IssueServiceTest.CreateIssue_ThrowsErrorIfNoDescription - a3b46a13-c1c2-7f03-74ec-65b04341060d' started.
TpTrace Information: 0 : 19824, 6, 2024/03/06, 16:00:53.502, 2582201807784, datacollector.dll, DataCollectionTestCaseEventHandler: Test case completing.
TpTrace Information: 0 : 19824, 6, 2024/03/06, 16:00:53.503, 2582201821563, datacollector.dll, BlameCollector.EventsTestCaseEnd: Test Case End
TpTrace Verbose: 0 : 19824, 6, 2024/03/06, 16:00:53.504, 2582201823592, datacollector.dll, MulticastDelegateUtilities.SafeInvoke: DataCollectionEvents.TestCaseEnd: Invoking callback 1/1 for Microsoft.TestPlatform.Extensions.BlameDataCollector.BlameCollector., took 0 ms.
TpTrace Information: 0 : 19824, 6, 2024/03/06, 16:00:53.504, 2582201826709, datacollector.dll, DataCollectionTestCaseEventHandler: Test case 'AppEnergyTests.MaintenanceServiceTest.CreateMaintenance_SuccessfullyCreateMaintenance - 4546bd32-7191-6c4e-78fd-23bd6a4fa219' completed
TpTrace Information: 0 : 19824, 6, 2024/03/06, 16:00:53.505, 2582201841304, datacollector.dll, DataCollectionTestCaseEventHandler: Test case starting.
TpTrace Information: 0 : 19824, 6, 2024/03/06, 16:00:53.506, 2582201853006, datacollector.dll, BlameCollector.EventsTestCaseStart: Test Case Start
TpTrace Verbose: 0 : 19824, 6, 2024/03/06, 16:00:53.507, 2582201854815, datacollector.dll, MulticastDelegateUtilities.SafeInvoke: DataCollectionEvents.TestCaseStart: Invoking callback 1/1 for Microsoft.TestPlatform.Extensions.BlameDataCollector.BlameCollector., took 0 ms.
TpTrace Information: 0 : 19824, 6, 2024/03/06, 16:00:53.507, 2582201857395, datacollector.dll, DataCollectionTestCaseEventHandler: Test case 'AppEnergyTests.MaintenanceServiceTest.CreateMaintenance_ThrowErrorIfNoDate - b48ff1ba-1733-3066-0d8e-81b620bf9ed4' started.
TpTrace Information: 0 : 19824, 6, 2024/03/06, 16:00:53.508, 2582201870358, datacollector.dll, DataCollectionTestCaseEventHandler: Test case completing.
TpTrace Information: 0 : 19824, 6, 2024/03/06, 16:00:53.510, 2582201886535, datacollector.dll, BlameCollector.EventsTestCaseEnd: Test Case End
TpTrace Verbose: 0 : 19824, 6, 2024/03/06, 16:00:53.510, 2582201889738, datacollector.dll, MulticastDelegateUtilities.SafeInvoke: DataCollectionEvents.TestCaseEnd: Invoking callback 1/1 for Microsoft.TestPlatform.Extensions.BlameDataCollector.BlameCollector., took 0 ms.
TpTrace Information: 0 : 19824, 6, 2024/03/06, 16:00:53.511, 2582201893862, datacollector.dll, DataCollectionTestCaseEventHandler: Test case 'AppEnergyTests.IssueServiceTest.CreateIssue_ThrowsErrorIfNoDescription - a3b46a13-c1c2-7f03-74ec-65b04341060d' completed
TpTrace Information: 0 : 19824, 6, 2024/03/06, 16:00:53.513, 2582201914621, datacollector.dll, DataCollectionTestCaseEventHandler: Test case starting.
TpTrace Information: 0 : 19824, 6, 2024/03/06, 16:00:53.514, 2582201929098, datacollector.dll, BlameCollector.EventsTestCaseStart: Test Case Start
TpTrace Verbose: 0 : 19824, 6, 2024/03/06, 16:00:53.514, 2582201932328, datacollector.dll, MulticastDelegateUtilities.SafeInvoke: DataCollectionEvents.TestCaseStart: Invoking callback 1/1 for Microsoft.TestPlatform.Extensions.BlameDataCollector.BlameCollector., took 0 ms.
TpTrace Information: 0 : 19824, 6, 2024/03/06, 16:00:53.515, 2582201935657, datacollector.dll, DataCollectionTestCaseEventHandler: Test case 'AppEnergyTests.IssueServiceTest.EditIssue_SuccessfullyEditIssue - 732a0ed2-00cf-ebce-27cc-824edbe2c26d' started.
TpTrace Information: 0 : 19824, 6, 2024/03/06, 16:00:53.516, 2582201951283, datacollector.dll, DataCollectionTestCaseEventHandler: Test case completing.
TpTrace Information: 0 : 19824, 6, 2024/03/06, 16:00:53.517, 2582201962627, datacollector.dll, BlameCollector.EventsTestCaseEnd: Test Case End
TpTrace Verbose: 0 : 19824, 6, 2024/03/06, 16:00:53.518, 2582201963906, datacollector.dll, MulticastDelegateUtilities.SafeInvoke: DataCollectionEvents.TestCaseEnd: Invoking callback 1/1 for Microsoft.TestPlatform.Extensions.BlameDataCollector.BlameCollector., took 0 ms.
TpTrace Information: 0 : 19824, 6, 2024/03/06, 16:00:53.518, 2582201966340, datacollector.dll, DataCollectionTestCaseEventHandler: Test case 'AppEnergyTests.MaintenanceServiceTest.CreateMaintenance_ThrowErrorIfNoDate - b48ff1ba-1733-3066-0d8e-81b620bf9ed4' completed
TpTrace Information: 0 : 19824, 6, 2024/03/06, 16:00:53.519, 2582201979100, datacollector.dll, DataCollectionTestCaseEventHandler: Test case starting.
TpTrace Information: 0 : 19824, 6, 2024/03/06, 16:00:53.520, 2582201989124, datacollector.dll, BlameCollector.EventsTestCaseStart: Test Case Start
TpTrace Verbose: 0 : 19824, 6, 2024/03/06, 16:00:53.520, 2582201990333, datacollector.dll, MulticastDelegateUtilities.SafeInvoke: DataCollectionEvents.TestCaseStart: Invoking callback 1/1 for Microsoft.TestPlatform.Extensions.BlameDataCollector.BlameCollector., took 0 ms.
TpTrace Information: 0 : 19824, 6, 2024/03/06, 16:00:53.520, 2582201992361, datacollector.dll, DataCollectionTestCaseEventHandler: Test case 'AppEnergyTests.MaintenanceServiceTest.EditMaintenance_SuccessfullyEditMaintenance - e397fc4e-8941-a8ed-d89c-f923d738d727' started.
TpTrace Information: 0 : 19824, 6, 2024/03/06, 16:00:53.521, 2582202000861, datacollector.dll, DataCollectionTestCaseEventHandler: Test case completing.
TpTrace Information: 0 : 19824, 6, 2024/03/06, 16:00:53.522, 2582202010592, datacollector.dll, BlameCollector.EventsTestCaseEnd: Test Case End
TpTrace Verbose: 0 : 19824, 6, 2024/03/06, 16:00:53.522, 2582202011783, datacollector.dll, MulticastDelegateUtilities.SafeInvoke: DataCollectionEvents.TestCaseEnd: Invoking callback 1/1 for Microsoft.TestPlatform.Extensions.BlameDataCollector.BlameCollector., took 0 ms.
TpTrace Information: 0 : 19824, 6, 2024/03/06, 16:00:53.523, 2582202014035, datacollector.dll, DataCollectionTestCaseEventHandler: Test case 'AppEnergyTests.MaintenanceServiceTest.EditMaintenance_SuccessfullyEditMaintenance - e397fc4e-8941-a8ed-d89c-f923d738d727' completed
TpTrace Information: 0 : 19824, 6, 2024/03/06, 16:00:53.524, 2582202024171, datacollector.dll, DataCollectionTestCaseEventHandler: Test case completing.
TpTrace Information: 0 : 19824, 6, 2024/03/06, 16:00:53.525, 2582202034494, datacollector.dll, BlameCollector.EventsTestCaseEnd: Test Case End
TpTrace Verbose: 0 : 19824, 6, 2024/03/06, 16:00:53.525, 2582202035694, datacollector.dll, MulticastDelegateUtilities.SafeInvoke: DataCollectionEvents.TestCaseEnd: Invoking callback 1/1 for Microsoft.TestPlatform.Extensions.BlameDataCollector.BlameCollector., took 0 ms.
TpTrace Information: 0 : 19824, 6, 2024/03/06, 16:00:53.525, 2582202037990, datacollector.dll, DataCollectionTestCaseEventHandler: Test case 'AppEnergyTests.IssueServiceTest.EditIssue_SuccessfullyEditIssue - 732a0ed2-00cf-ebce-27cc-824edbe2c26d' completed
TpTrace Information: 0 : 19824, 6, 2024/03/06, 16:00:53.527, 2582202054049, datacollector.dll, DataCollectionTestCaseEventHandler: Test case starting.
TpTrace Information: 0 : 19824, 6, 2024/03/06, 16:00:53.528, 2582202064497, datacollector.dll, BlameCollector.EventsTestCaseStart: Test Case Start
TpTrace Verbose: 0 : 19824, 6, 2024/03/06, 16:00:53.528, 2582202065730, datacollector.dll, MulticastDelegateUtilities.SafeInvoke: DataCollectionEvents.TestCaseStart: Invoking callback 1/1 for Microsoft.TestPlatform.Extensions.BlameDataCollector.BlameCollector., took 0 ms.
TpTrace Information: 0 : 19824, 6, 2024/03/06, 16:00:53.528, 2582202067897, datacollector.dll, DataCollectionTestCaseEventHandler: Test case 'AppEnergyTests.IssueServiceTest.DeleteIssue_SuccessfullyDeleteIssue - 96547f00-1a32-6f2d-fc74-b4af2cb1d8ed' started.
TpTrace Information: 0 : 19824, 6, 2024/03/06, 16:00:53.533, 2582202118309, datacollector.dll, DataCollectionTestCaseEventHandler: Test case starting.
TpTrace Information: 0 : 19824, 6, 2024/03/06, 16:00:53.534, 2582202129883, datacollector.dll, BlameCollector.EventsTestCaseStart: Test Case Start
TpTrace Verbose: 0 : 19824, 6, 2024/03/06, 16:00:53.534, 2582202131678, datacollector.dll, MulticastDelegateUtilities.SafeInvoke: DataCollectionEvents.TestCaseStart: Invoking callback 1/1 for Microsoft.TestPlatform.Extensions.BlameDataCollector.BlameCollector., took 0 ms.
TpTrace Information: 0 : 19824, 6, 2024/03/06, 16:00:53.535, 2582202134288, datacollector.dll, DataCollectionTestCaseEventHandler: Test case 'AppEnergyTests.MaintenanceServiceTest.CreateMaintenance_ThrowErrorIfYearlyMainteananceAlreadyScheduled - 8ecbd6b4-e996-c175-21aa-ebe6c1a9d403' started.
TpTrace Information: 0 : 19824, 6, 2024/03/06, 16:00:53.536, 2582202146300, datacollector.dll, DataCollectionTestCaseEventHandler: Test case completing.
TpTrace Information: 0 : 19824, 6, 2024/03/06, 16:00:53.537, 2582202161201, datacollector.dll, BlameCollector.EventsTestCaseEnd: Test Case End
TpTrace Verbose: 0 : 19824, 6, 2024/03/06, 16:00:53.537, 2582202162903, datacollector.dll, MulticastDelegateUtilities.SafeInvoke: DataCollectionEvents.TestCaseEnd: Invoking callback 1/1 for Microsoft.TestPlatform.Extensions.BlameDataCollector.BlameCollector., took 0 ms.
TpTrace Information: 0 : 19824, 6, 2024/03/06, 16:00:53.538, 2582202165860, datacollector.dll, DataCollectionTestCaseEventHandler: Test case 'AppEnergyTests.IssueServiceTest.DeleteIssue_SuccessfullyDeleteIssue - 96547f00-1a32-6f2d-fc74-b4af2cb1d8ed' completed
TpTrace Information: 0 : 19824, 6, 2024/03/06, 16:00:53.539, 2582202181217, datacollector.dll, DataCollectionTestCaseEventHandler: Test case starting.
TpTrace Information: 0 : 19824, 6, 2024/03/06, 16:00:53.540, 2582202191966, datacollector.dll, BlameCollector.EventsTestCaseStart: Test Case Start
TpTrace Verbose: 0 : 19824, 6, 2024/03/06, 16:00:53.540, 2582202193188, datacollector.dll, MulticastDelegateUtilities.SafeInvoke: DataCollectionEvents.TestCaseStart: Invoking callback 1/1 for Microsoft.TestPlatform.Extensions.BlameDataCollector.BlameCollector., took 0 ms.
TpTrace Information: 0 : 19824, 6, 2024/03/06, 16:00:53.541, 2582202195319, datacollector.dll, DataCollectionTestCaseEventHandler: Test case 'AppEnergyTests.IssueServiceTest.CreateIssue_ThrowsErrorIfMaxIssuesReached - 9e8aa2b8-629a-2b94-0d74-f8b5da8dc9c0' started.
TpTrace Information: 0 : 19824, 6, 2024/03/06, 16:00:53.542, 2582202205159, datacollector.dll, DataCollectionTestCaseEventHandler: Test case completing.
TpTrace Information: 0 : 19824, 6, 2024/03/06, 16:00:53.543, 2582202216539, datacollector.dll, BlameCollector.EventsTestCaseEnd: Test Case End
TpTrace Verbose: 0 : 19824, 6, 2024/03/06, 16:00:53.543, 2582202217988, datacollector.dll, MulticastDelegateUtilities.SafeInvoke: DataCollectionEvents.TestCaseEnd: Invoking callback 1/1 for Microsoft.TestPlatform.Extensions.BlameDataCollector.BlameCollector., took 0 ms.
TpTrace Information: 0 : 19824, 6, 2024/03/06, 16:00:53.543, 2582202220346, datacollector.dll, DataCollectionTestCaseEventHandler: Test case 'AppEnergyTests.MaintenanceServiceTest.CreateMaintenance_ThrowErrorIfYearlyMainteananceAlreadyScheduled - 8ecbd6b4-e996-c175-21aa-ebe6c1a9d403' completed
TpTrace Information: 0 : 19824, 6, 2024/03/06, 16:00:53.544, 2582202233301, datacollector.dll, DataCollectionTestCaseEventHandler: Test case completing.
TpTrace Information: 0 : 19824, 6, 2024/03/06, 16:00:53.546, 2582202246823, datacollector.dll, BlameCollector.EventsTestCaseEnd: Test Case End
TpTrace Verbose: 0 : 19824, 6, 2024/03/06, 16:00:53.546, 2582202249143, datacollector.dll, MulticastDelegateUtilities.SafeInvoke: DataCollectionEvents.TestCaseEnd: Invoking callback 1/1 for Microsoft.TestPlatform.Extensions.BlameDataCollector.BlameCollector., took 0 ms.
TpTrace Information: 0 : 19824, 6, 2024/03/06, 16:00:53.546, 2582202253070, datacollector.dll, DataCollectionTestCaseEventHandler: Test case 'AppEnergyTests.IssueServiceTest.CreateIssue_ThrowsErrorIfMaxIssuesReached - 9e8aa2b8-629a-2b94-0d74-f8b5da8dc9c0' completed
TpTrace Information: 0 : 19824, 6, 2024/03/06, 16:00:53.574, 2582202532710, datacollector.dll, DataCollectionTestCaseEventHandler: Test case completing.
TpTrace Information: 0 : 19824, 6, 2024/03/06, 16:00:53.576, 2582202543859, datacollector.dll, BlameCollector.EventsTestCaseEnd: Test Case End
TpTrace Verbose: 0 : 19824, 6, 2024/03/06, 16:00:53.576, 2582202545347, datacollector.dll, MulticastDelegateUtilities.SafeInvoke: DataCollectionEvents.TestCaseEnd: Invoking callback 1/1 for Microsoft.TestPlatform.Extensions.BlameDataCollector.BlameCollector., took 0 ms.
TpTrace Information: 0 : 19824, 6, 2024/03/06, 16:00:53.576, 2582202548833, datacollector.dll, DataCollectionTestCaseEventHandler: Test case 'AppEnergyTests.EquipmentSerciceTest.CreateEquipment_ThrowsErrorIfNoClient - 06d2260d-6890-fd5b-423f-640c52ca6fc1' completed
TpTrace Information: 0 : 19824, 6, 2024/03/06, 16:00:53.584, 2582202631424, datacollector.dll, DataCollectionTestCaseEventHandler: Test case completing.
TpTrace Information: 0 : 19824, 6, 2024/03/06, 16:00:53.585, 2582202641702, datacollector.dll, BlameCollector.EventsTestCaseEnd: Test Case End
TpTrace Verbose: 0 : 19824, 6, 2024/03/06, 16:00:53.585, 2582202643289, datacollector.dll, MulticastDelegateUtilities.SafeInvoke: DataCollectionEvents.TestCaseEnd: Invoking callback 1/1 for Microsoft.TestPlatform.Extensions.BlameDataCollector.BlameCollector., took 0 ms.
TpTrace Information: 0 : 19824, 6, 2024/03/06, 16:00:53.586, 2582202646305, datacollector.dll, DataCollectionTestCaseEventHandler: Test case 'AppEnergyTests.ClientServiceTest.AddClient_ThrowsErrorIfNoContactDetails - 27f42d90-e98d-c884-0570-e89f1776511c' completed
TpTrace Information: 0 : 19824, 6, 2024/03/06, 16:00:53.588, 2582202665305, datacollector.dll, DataCollectionTestCaseEventHandler: Test case starting.
TpTrace Information: 0 : 19824, 6, 2024/03/06, 16:00:53.589, 2582202673961, datacollector.dll, BlameCollector.EventsTestCaseStart: Test Case Start
TpTrace Verbose: 0 : 19824, 6, 2024/03/06, 16:00:53.589, 2582202675107, datacollector.dll, MulticastDelegateUtilities.SafeInvoke: DataCollectionEvents.TestCaseStart: Invoking callback 1/1 for Microsoft.TestPlatform.Extensions.BlameDataCollector.BlameCollector., took 0 ms.
TpTrace Information: 0 : 19824, 6, 2024/03/06, 16:00:53.589, 2582202677283, datacollector.dll, DataCollectionTestCaseEventHandler: Test case 'AppEnergyTests.EquipmentSerciceTest.CreateEquipment_ThrowsErrorIfNoStatus - 9e97e3ad-f17d-9870-087b-2a1c5f50741b' started.
TpTrace Information: 0 : 19824, 6, 2024/03/06, 16:00:53.590, 2582202687378, datacollector.dll, DataCollectionTestCaseEventHandler: Test case starting.
TpTrace Information: 0 : 19824, 6, 2024/03/06, 16:00:53.591, 2582202695806, datacollector.dll, BlameCollector.EventsTestCaseStart: Test Case Start
TpTrace Verbose: 0 : 19824, 6, 2024/03/06, 16:00:53.591, 2582202697028, datacollector.dll, MulticastDelegateUtilities.SafeInvoke: DataCollectionEvents.TestCaseStart: Invoking callback 1/1 for Microsoft.TestPlatform.Extensions.BlameDataCollector.BlameCollector., took 0 ms.
TpTrace Information: 0 : 19824, 6, 2024/03/06, 16:00:53.591, 2582202699457, datacollector.dll, DataCollectionTestCaseEventHandler: Test case 'AppEnergyTests.ClientServiceTest.DeleteLClient_RemovesAllInstancesOfEquipment - c6054b2a-d112-1b2d-f36a-5e3e9e5275f4' started.
TpTrace Information: 0 : 19824, 6, 2024/03/06, 16:00:53.592, 2582202710805, datacollector.dll, DataCollectionTestCaseEventHandler: Test case completing.
TpTrace Information: 0 : 19824, 6, 2024/03/06, 16:00:53.593, 2582202721931, datacollector.dll, BlameCollector.EventsTestCaseEnd: Test Case End
TpTrace Verbose: 0 : 19824, 6, 2024/03/06, 16:00:53.594, 2582202723619, datacollector.dll, MulticastDelegateUtilities.SafeInvoke: DataCollectionEvents.TestCaseEnd: Invoking callback 1/1 for Microsoft.TestPlatform.Extensions.BlameDataCollector.BlameCollector., took 0 ms.
TpTrace Information: 0 : 19824, 6, 2024/03/06, 16:00:53.594, 2582202726339, datacollector.dll, DataCollectionTestCaseEventHandler: Test case 'AppEnergyTests.EquipmentSerciceTest.CreateEquipment_ThrowsErrorIfNoStatus - 9e97e3ad-f17d-9870-087b-2a1c5f50741b' completed
TpTrace Information: 0 : 19824, 6, 2024/03/06, 16:00:53.595, 2582202740148, datacollector.dll, DataCollectionTestCaseEventHandler: Test case starting.
TpTrace Information: 0 : 19824, 6, 2024/03/06, 16:00:53.596, 2582202748486, datacollector.dll, BlameCollector.EventsTestCaseStart: Test Case Start
TpTrace Verbose: 0 : 19824, 6, 2024/03/06, 16:00:53.596, 2582202749728, datacollector.dll, MulticastDelegateUtilities.SafeInvoke: DataCollectionEvents.TestCaseStart: Invoking callback 1/1 for Microsoft.TestPlatform.Extensions.BlameDataCollector.BlameCollector., took 0 ms.
TpTrace Information: 0 : 19824, 6, 2024/03/06, 16:00:53.596, 2582202751752, datacollector.dll, DataCollectionTestCaseEventHandler: Test case 'AppEnergyTests.EquipmentSerciceTest.CreateEquipment_ThorwsErrorIfEquipmentLimitReached - 053eebfe-a555-d4ad-c95d-a57ac3d5ff3e' started.
TpTrace Information: 0 : 19824, 6, 2024/03/06, 16:00:53.600, 2582202787306, datacollector.dll, DataCollectionTestCaseEventHandler: Test case completing.
TpTrace Information: 0 : 19824, 6, 2024/03/06, 16:00:53.601, 2582202798501, datacollector.dll, BlameCollector.EventsTestCaseEnd: Test Case End
TpTrace Verbose: 0 : 19824, 6, 2024/03/06, 16:00:53.601, 2582202800025, datacollector.dll, MulticastDelegateUtilities.SafeInvoke: DataCollectionEvents.TestCaseEnd: Invoking callback 1/1 for Microsoft.TestPlatform.Extensions.BlameDataCollector.BlameCollector., took 0 ms.
TpTrace Information: 0 : 19824, 6, 2024/03/06, 16:00:53.601, 2582202802908, datacollector.dll, DataCollectionTestCaseEventHandler: Test case 'AppEnergyTests.EquipmentSerciceTest.CreateEquipment_ThorwsErrorIfEquipmentLimitReached - 053eebfe-a555-d4ad-c95d-a57ac3d5ff3e' completed
TpTrace Information: 0 : 19824, 6, 2024/03/06, 16:00:53.603, 2582202815919, datacollector.dll, DataCollectionTestCaseEventHandler: Test case starting.
TpTrace Information: 0 : 19824, 6, 2024/03/06, 16:00:53.604, 2582202823595, datacollector.dll, BlameCollector.EventsTestCaseStart: Test Case Start
TpTrace Verbose: 0 : 19824, 6, 2024/03/06, 16:00:53.604, 2582202824678, datacollector.dll, MulticastDelegateUtilities.SafeInvoke: DataCollectionEvents.TestCaseStart: Invoking callback 1/1 for Microsoft.TestPlatform.Extensions.BlameDataCollector.BlameCollector., took 0 ms.
TpTrace Information: 0 : 19824, 6, 2024/03/06, 16:00:53.604, 2582202826610, datacollector.dll, DataCollectionTestCaseEventHandler: Test case 'AppEnergyTests.EquipmentSerciceTest.EditEquipment_SuccesfullyEditEquipment - 8b8a21c7-dcbf-39a6-c490-9a369a6e4657' started.
TpTrace Information: 0 : 19824, 6, 2024/03/06, 16:00:53.605, 2582202835648, datacollector.dll, DataCollectionTestCaseEventHandler: Test case completing.
TpTrace Information: 0 : 19824, 6, 2024/03/06, 16:00:53.605, 2582202843433, datacollector.dll, BlameCollector.EventsTestCaseEnd: Test Case End
TpTrace Verbose: 0 : 19824, 6, 2024/03/06, 16:00:53.606, 2582202844540, datacollector.dll, MulticastDelegateUtilities.SafeInvoke: DataCollectionEvents.TestCaseEnd: Invoking callback 1/1 for Microsoft.TestPlatform.Extensions.BlameDataCollector.BlameCollector., took 0 ms.
TpTrace Information: 0 : 19824, 6, 2024/03/06, 16:00:53.606, 2582202846758, datacollector.dll, DataCollectionTestCaseEventHandler: Test case 'AppEnergyTests.ClientServiceTest.DeleteLClient_RemovesAllInstancesOfEquipment - c6054b2a-d112-1b2d-f36a-5e3e9e5275f4' completed
TpTrace Information: 0 : 19824, 6, 2024/03/06, 16:00:53.608, 2582202872022, datacollector.dll, DataCollectionTestCaseEventHandler: Test case starting.
TpTrace Information: 0 : 19824, 6, 2024/03/06, 16:00:53.609, 2582202882795, datacollector.dll, BlameCollector.EventsTestCaseStart: Test Case Start
TpTrace Verbose: 0 : 19824, 6, 2024/03/06, 16:00:53.610, 2582202884958, datacollector.dll, MulticastDelegateUtilities.SafeInvoke: DataCollectionEvents.TestCaseStart: Invoking callback 1/1 for Microsoft.TestPlatform.Extensions.BlameDataCollector.BlameCollector., took 0 ms.
TpTrace Information: 0 : 19824, 6, 2024/03/06, 16:00:53.610, 2582202888841, datacollector.dll, DataCollectionTestCaseEventHandler: Test case 'AppEnergyTests.ClientServiceTest.AddClient_SuccessfullyAddAClient - 991d3ee5-b00e-5a7a-2f27-931759df1b5c' started.
TpTrace Information: 0 : 19824, 6, 2024/03/06, 16:00:53.612, 2582202905072, datacollector.dll, DataCollectionTestCaseEventHandler: Test case completing.
TpTrace Information: 0 : 19824, 6, 2024/03/06, 16:00:53.613, 2582202913964, datacollector.dll, BlameCollector.EventsTestCaseEnd: Test Case End
TpTrace Verbose: 0 : 19824, 6, 2024/03/06, 16:00:53.613, 2582202915660, datacollector.dll, MulticastDelegateUtilities.SafeInvoke: DataCollectionEvents.TestCaseEnd: Invoking callback 1/1 for Microsoft.TestPlatform.Extensions.BlameDataCollector.BlameCollector., took 0 ms.
TpTrace Information: 0 : 19824, 6, 2024/03/06, 16:00:53.613, 2582202919989, datacollector.dll, DataCollectionTestCaseEventHandler: Test case 'AppEnergyTests.ClientServiceTest.AddClient_SuccessfullyAddAClient - 991d3ee5-b00e-5a7a-2f27-931759df1b5c' completed
TpTrace Information: 0 : 19824, 6, 2024/03/06, 16:00:53.615, 2582202938564, datacollector.dll, DataCollectionTestCaseEventHandler: Test case starting.
TpTrace Information: 0 : 19824, 6, 2024/03/06, 16:00:53.616, 2582202946365, datacollector.dll, BlameCollector.EventsTestCaseStart: Test Case Start
TpTrace Verbose: 0 : 19824, 6, 2024/03/06, 16:00:53.616, 2582202947440, datacollector.dll, MulticastDelegateUtilities.SafeInvoke: DataCollectionEvents.TestCaseStart: Invoking callback 1/1 for Microsoft.TestPlatform.Extensions.BlameDataCollector.BlameCollector., took 0 ms.
TpTrace Information: 0 : 19824, 6, 2024/03/06, 16:00:53.616, 2582202949454, datacollector.dll, DataCollectionTestCaseEventHandler: Test case 'AppEnergyTests.ClientServiceTest.Add_CLientThrowsErrorIfMaxClientLimitReached - 201e5ab3-f5f8-084c-8204-9ad0c8b3d4f8' started.
TpTrace Information: 0 : 19824, 6, 2024/03/06, 16:00:53.620, 2582202988937, datacollector.dll, DataCollectionTestCaseEventHandler: Test case completing.
TpTrace Information: 0 : 19824, 6, 2024/03/06, 16:00:53.621, 2582202997238, datacollector.dll, BlameCollector.EventsTestCaseEnd: Test Case End
TpTrace Verbose: 0 : 19824, 6, 2024/03/06, 16:00:53.621, 2582202998477, datacollector.dll, MulticastDelegateUtilities.SafeInvoke: DataCollectionEvents.TestCaseEnd: Invoking callback 1/1 for Microsoft.TestPlatform.Extensions.BlameDataCollector.BlameCollector., took 0 ms.
TpTrace Information: 0 : 19824, 6, 2024/03/06, 16:00:53.621, 2582203000921, datacollector.dll, DataCollectionTestCaseEventHandler: Test case 'AppEnergyTests.EquipmentSerciceTest.EditEquipment_SuccesfullyEditEquipment - 8b8a21c7-dcbf-39a6-c490-9a369a6e4657' completed
TpTrace Information: 0 : 19824, 6, 2024/03/06, 16:00:53.623, 2582203014579, datacollector.dll, DataCollectionTestCaseEventHandler: Test case starting.
TpTrace Information: 0 : 19824, 6, 2024/03/06, 16:00:53.623, 2582203021699, datacollector.dll, BlameCollector.EventsTestCaseStart: Test Case Start
TpTrace Verbose: 0 : 19824, 6, 2024/03/06, 16:00:53.623, 2582203022769, datacollector.dll, MulticastDelegateUtilities.SafeInvoke: DataCollectionEvents.TestCaseStart: Invoking callback 1/1 for Microsoft.TestPlatform.Extensions.BlameDataCollector.BlameCollector., took 0 ms.
TpTrace Information: 0 : 19824, 6, 2024/03/06, 16:00:53.624, 2582203024707, datacollector.dll, DataCollectionTestCaseEventHandler: Test case 'AppEnergyTests.EquipmentSerciceTest.RemoveEquipment_RemovesAAllMaintenances - f5b673eb-999c-3826-88d5-bd0b6244d23d' started.
TpTrace Information: 0 : 19824, 6, 2024/03/06, 16:00:53.628, 2582203071446, datacollector.dll, DataCollectionTestCaseEventHandler: Test case completing.
TpTrace Information: 0 : 19824, 6, 2024/03/06, 16:00:53.629, 2582203079597, datacollector.dll, BlameCollector.EventsTestCaseEnd: Test Case End
TpTrace Verbose: 0 : 19824, 6, 2024/03/06, 16:00:53.629, 2582203080813, datacollector.dll, MulticastDelegateUtilities.SafeInvoke: DataCollectionEvents.TestCaseEnd: Invoking callback 1/1 for Microsoft.TestPlatform.Extensions.BlameDataCollector.BlameCollector., took 0 ms.
TpTrace Information: 0 : 19824, 6, 2024/03/06, 16:00:53.629, 2582203083064, datacollector.dll, DataCollectionTestCaseEventHandler: Test case 'AppEnergyTests.ClientServiceTest.Add_CLientThrowsErrorIfMaxClientLimitReached - 201e5ab3-f5f8-084c-8204-9ad0c8b3d4f8' completed
TpTrace Information: 0 : 19824, 6, 2024/03/06, 16:00:53.631, 2582203095276, datacollector.dll, DataCollectionTestCaseEventHandler: Test case starting.
TpTrace Information: 0 : 19824, 6, 2024/03/06, 16:00:53.631, 2582203101977, datacollector.dll, BlameCollector.EventsTestCaseStart: Test Case Start
TpTrace Verbose: 0 : 19824, 6, 2024/03/06, 16:00:53.631, 2582203103150, datacollector.dll, MulticastDelegateUtilities.SafeInvoke: DataCollectionEvents.TestCaseStart: Invoking callback 1/1 for Microsoft.TestPlatform.Extensions.BlameDataCollector.BlameCollector., took 0 ms.
TpTrace Information: 0 : 19824, 6, 2024/03/06, 16:00:53.632, 2582203104920, datacollector.dll, DataCollectionTestCaseEventHandler: Test case 'AppEnergyTests.ClientServiceTest.DeleteClient_RemovesAllInstancesOfMaintenances - 26b0a107-ad3c-3e6a-aaaa-e750cb94c3bb' started.
TpTrace Information: 0 : 19824, 6, 2024/03/06, 16:00:53.635, 2582203138363, datacollector.dll, DataCollectionTestCaseEventHandler: Test case completing.
TpTrace Information: 0 : 19824, 6, 2024/03/06, 16:00:53.636, 2582203146314, datacollector.dll, BlameCollector.EventsTestCaseEnd: Test Case End
TpTrace Verbose: 0 : 19824, 6, 2024/03/06, 16:00:53.636, 2582203147466, datacollector.dll, MulticastDelegateUtilities.SafeInvoke: DataCollectionEvents.TestCaseEnd: Invoking callback 1/1 for Microsoft.TestPlatform.Extensions.BlameDataCollector.BlameCollector., took 0 ms.
TpTrace Information: 0 : 19824, 6, 2024/03/06, 16:00:53.636, 2582203149777, datacollector.dll, DataCollectionTestCaseEventHandler: Test case 'AppEnergyTests.EquipmentSerciceTest.RemoveEquipment_RemovesAAllMaintenances - f5b673eb-999c-3826-88d5-bd0b6244d23d' completed
TpTrace Information: 0 : 19824, 6, 2024/03/06, 16:00:53.637, 2582203161919, datacollector.dll, DataCollectionTestCaseEventHandler: Test case starting.
TpTrace Information: 0 : 19824, 6, 2024/03/06, 16:00:53.638, 2582203168831, datacollector.dll, BlameCollector.EventsTestCaseStart: Test Case Start
TpTrace Verbose: 0 : 19824, 6, 2024/03/06, 16:00:53.638, 2582203169889, datacollector.dll, MulticastDelegateUtilities.SafeInvoke: DataCollectionEvents.TestCaseStart: Invoking callback 1/1 for Microsoft.TestPlatform.Extensions.BlameDataCollector.BlameCollector., took 0 ms.
TpTrace Information: 0 : 19824, 6, 2024/03/06, 16:00:53.638, 2582203171652, datacollector.dll, DataCollectionTestCaseEventHandler: Test case 'AppEnergyTests.EquipmentSerciceTest.RemoveEquipment_RemovesAllIssue - 2a37af0c-b998-04a4-4b36-1fe4970388d7' started.
TpTrace Information: 0 : 19824, 6, 2024/03/06, 16:00:53.644, 2582203231422, datacollector.dll, DataCollectionTestCaseEventHandler: Test case completing.
TpTrace Information: 0 : 19824, 6, 2024/03/06, 16:00:53.645, 2582203239295, datacollector.dll, BlameCollector.EventsTestCaseEnd: Test Case End
TpTrace Verbose: 0 : 19824, 6, 2024/03/06, 16:00:53.645, 2582203240563, datacollector.dll, MulticastDelegateUtilities.SafeInvoke: DataCollectionEvents.TestCaseEnd: Invoking callback 1/1 for Microsoft.TestPlatform.Extensions.BlameDataCollector.BlameCollector., took 0 ms.
TpTrace Information: 0 : 19824, 6, 2024/03/06, 16:00:53.645, 2582203242835, datacollector.dll, DataCollectionTestCaseEventHandler: Test case 'AppEnergyTests.ClientServiceTest.DeleteClient_RemovesAllInstancesOfMaintenances - 26b0a107-ad3c-3e6a-aaaa-e750cb94c3bb' completed
TpTrace Information: 0 : 19824, 6, 2024/03/06, 16:00:53.647, 2582203255990, datacollector.dll, DataCollectionTestCaseEventHandler: Test case starting.
TpTrace Information: 0 : 19824, 6, 2024/03/06, 16:00:53.647, 2582203263360, datacollector.dll, BlameCollector.EventsTestCaseStart: Test Case Start
TpTrace Verbose: 0 : 19824, 6, 2024/03/06, 16:00:53.648, 2582203264477, datacollector.dll, MulticastDelegateUtilities.SafeInvoke: DataCollectionEvents.TestCaseStart: Invoking callback 1/1 for Microsoft.TestPlatform.Extensions.BlameDataCollector.BlameCollector., took 0 ms.
TpTrace Information: 0 : 19824, 6, 2024/03/06, 16:00:53.648, 2582203266486, datacollector.dll, DataCollectionTestCaseEventHandler: Test case 'AppEnergyTests.ClientServiceTest.AddClient_ThrowsErrorIfIncompleteAdress - f17bdb97-5790-a7cd-daad-78056daadc4b' started.
TpTrace Information: 0 : 19824, 6, 2024/03/06, 16:00:53.651, 2582203303050, datacollector.dll, DataCollectionTestCaseEventHandler: Test case completing.
TpTrace Information: 0 : 19824, 6, 2024/03/06, 16:00:53.652, 2582203311224, datacollector.dll, BlameCollector.EventsTestCaseEnd: Test Case End
TpTrace Verbose: 0 : 19824, 6, 2024/03/06, 16:00:53.652, 2582203312355, datacollector.dll, MulticastDelegateUtilities.SafeInvoke: DataCollectionEvents.TestCaseEnd: Invoking callback 1/1 for Microsoft.TestPlatform.Extensions.BlameDataCollector.BlameCollector., took 0 ms.
TpTrace Information: 0 : 19824, 6, 2024/03/06, 16:00:53.653, 2582203314663, datacollector.dll, DataCollectionTestCaseEventHandler: Test case 'AppEnergyTests.EquipmentSerciceTest.RemoveEquipment_RemovesAllIssue - 2a37af0c-b998-04a4-4b36-1fe4970388d7' completed
TpTrace Information: 0 : 19824, 6, 2024/03/06, 16:00:53.654, 2582203327437, datacollector.dll, DataCollectionTestCaseEventHandler: Test case starting.
TpTrace Information: 0 : 19824, 6, 2024/03/06, 16:00:53.655, 2582203334442, datacollector.dll, BlameCollector.EventsTestCaseStart: Test Case Start
TpTrace Verbose: 0 : 19824, 6, 2024/03/06, 16:00:53.655, 2582203335533, datacollector.dll, MulticastDelegateUtilities.SafeInvoke: DataCollectionEvents.TestCaseStart: Invoking callback 1/1 for Microsoft.TestPlatform.Extensions.BlameDataCollector.BlameCollector., took 0 ms.
TpTrace Information: 0 : 19824, 6, 2024/03/06, 16:00:53.655, 2582203337470, datacollector.dll, DataCollectionTestCaseEventHandler: Test case 'AppEnergyTests.EquipmentSerciceTest.RemoveEquiment_SuccessfullyRemovesEquipment - 382b1568-6323-e928-778a-270f030aba34' started.
TpTrace Information: 0 : 19824, 6, 2024/03/06, 16:00:53.661, 2582203400902, datacollector.dll, DataCollectionTestCaseEventHandler: Test case completing.
TpTrace Information: 0 : 19824, 6, 2024/03/06, 16:00:53.662, 2582203409403, datacollector.dll, BlameCollector.EventsTestCaseEnd: Test Case End
TpTrace Verbose: 0 : 19824, 6, 2024/03/06, 16:00:53.662, 2582203410628, datacollector.dll, MulticastDelegateUtilities.SafeInvoke: DataCollectionEvents.TestCaseEnd: Invoking callback 1/1 for Microsoft.TestPlatform.Extensions.BlameDataCollector.BlameCollector., took 0 ms.
TpTrace Information: 0 : 19824, 6, 2024/03/06, 16:00:53.662, 2582203412838, datacollector.dll, DataCollectionTestCaseEventHandler: Test case 'AppEnergyTests.ClientServiceTest.AddClient_ThrowsErrorIfIncompleteAdress - f17bdb97-5790-a7cd-daad-78056daadc4b' completed
TpTrace Information: 0 : 19824, 6, 2024/03/06, 16:00:53.664, 2582203425593, datacollector.dll, DataCollectionTestCaseEventHandler: Test case starting.
TpTrace Information: 0 : 19824, 6, 2024/03/06, 16:00:53.664, 2582203432818, datacollector.dll, BlameCollector.EventsTestCaseStart: Test Case Start
TpTrace Verbose: 0 : 19824, 6, 2024/03/06, 16:00:53.665, 2582203434017, datacollector.dll, MulticastDelegateUtilities.SafeInvoke: DataCollectionEvents.TestCaseStart: Invoking callback 1/1 for Microsoft.TestPlatform.Extensions.BlameDataCollector.BlameCollector., took 0 ms.
TpTrace Information: 0 : 19824, 6, 2024/03/06, 16:00:53.665, 2582203435853, datacollector.dll, DataCollectionTestCaseEventHandler: Test case 'AppEnergyTests.ClientServiceTest.DeleteClient_RemovesAllInstancesOfIssues - 6f395058-2bd8-b96f-9c02-1934ca357a31' started.
TpTrace Information: 0 : 19824, 6, 2024/03/06, 16:00:53.668, 2582203472137, datacollector.dll, DataCollectionTestCaseEventHandler: Test case completing.
TpTrace Information: 0 : 19824, 6, 2024/03/06, 16:00:53.669, 2582203481148, datacollector.dll, BlameCollector.EventsTestCaseEnd: Test Case End
TpTrace Verbose: 0 : 19824, 6, 2024/03/06, 16:00:53.669, 2582203482434, datacollector.dll, MulticastDelegateUtilities.SafeInvoke: DataCollectionEvents.TestCaseEnd: Invoking callback 1/1 for Microsoft.TestPlatform.Extensions.BlameDataCollector.BlameCollector., took 0 ms.
TpTrace Information: 0 : 19824, 6, 2024/03/06, 16:00:53.670, 2582203485275, datacollector.dll, DataCollectionTestCaseEventHandler: Test case 'AppEnergyTests.EquipmentSerciceTest.RemoveEquiment_SuccessfullyRemovesEquipment - 382b1568-6323-e928-778a-270f030aba34' completed
TpTrace Information: 0 : 19824, 6, 2024/03/06, 16:00:53.672, 2582203513017, datacollector.dll, DataCollectionTestCaseEventHandler: Test case starting.
TpTrace Information: 0 : 19824, 6, 2024/03/06, 16:00:53.674, 2582203524353, datacollector.dll, BlameCollector.EventsTestCaseStart: Test Case Start
TpTrace Verbose: 0 : 19824, 6, 2024/03/06, 16:00:53.674, 2582203526829, datacollector.dll, MulticastDelegateUtilities.SafeInvoke: DataCollectionEvents.TestCaseStart: Invoking callback 1/1 for Microsoft.TestPlatform.Extensions.BlameDataCollector.BlameCollector., took 0 ms.
TpTrace Information: 0 : 19824, 6, 2024/03/06, 16:00:53.674, 2582203529478, datacollector.dll, DataCollectionTestCaseEventHandler: Test case 'AppEnergyTests.EquipmentSerciceTest.CreateEquipment_SuccessfullyCrreateAnEquipment - 14466a79-c1cf-f0f8-a826-727b701f3d33' started.
TpTrace Information: 0 : 19824, 6, 2024/03/06, 16:00:53.681, 2582203593991, datacollector.dll, DataCollectionTestCaseEventHandler: Test case completing.
TpTrace Information: 0 : 19824, 6, 2024/03/06, 16:00:53.681, 2582203602088, datacollector.dll, BlameCollector.EventsTestCaseEnd: Test Case End
TpTrace Verbose: 0 : 19824, 6, 2024/03/06, 16:00:53.681, 2582203603381, datacollector.dll, MulticastDelegateUtilities.SafeInvoke: DataCollectionEvents.TestCaseEnd: Invoking callback 1/1 for Microsoft.TestPlatform.Extensions.BlameDataCollector.BlameCollector., took 0 ms.
TpTrace Information: 0 : 19824, 6, 2024/03/06, 16:00:53.682, 2582203606127, datacollector.dll, DataCollectionTestCaseEventHandler: Test case 'AppEnergyTests.ClientServiceTest.DeleteClient_RemovesAllInstancesOfIssues - 6f395058-2bd8-b96f-9c02-1934ca357a31' completed
TpTrace Information: 0 : 19824, 6, 2024/03/06, 16:00:53.688, 2582203671878, datacollector.dll, DataCollectionTestCaseEventHandler: Test case completing.
TpTrace Information: 0 : 19824, 6, 2024/03/06, 16:00:53.689, 2582203681639, datacollector.dll, BlameCollector.EventsTestCaseEnd: Test Case End
TpTrace Verbose: 0 : 19824, 6, 2024/03/06, 16:00:53.689, 2582203683480, datacollector.dll, MulticastDelegateUtilities.SafeInvoke: DataCollectionEvents.TestCaseEnd: Invoking callback 1/1 for Microsoft.TestPlatform.Extensions.BlameDataCollector.BlameCollector., took 0 ms.
TpTrace Information: 0 : 19824, 6, 2024/03/06, 16:00:53.690, 2582203686918, datacollector.dll, DataCollectionTestCaseEventHandler: Test case 'AppEnergyTests.EquipmentSerciceTest.CreateEquipment_SuccessfullyCrreateAnEquipment - 14466a79-c1cf-f0f8-a826-727b701f3d33' completed
TpTrace Information: 0 : 19824, 6, 2024/03/06, 16:00:53.706, 2582203849197, datacollector.dll, DataCollectionTestCaseEventHandler: Test session ended
TpTrace Information: 0 : 19824, 1, 2024/03/06, 16:00:53.838, 2582205169357, datacollector.dll, DataCollectionRequestHandler.ProcessRequests: Datacollector received message: (DataCollection.AfterTestRunEnd) -> {"MessageType":"DataCollection.AfterTestRunEnd","Payload":false}
TpTrace Information: 0 : 19824, 1, 2024/03/06, 16:00:53.840, 2582205190439, datacollector.dll, Blame Collector: Session End
TpTrace Information: 0 : 19824, 1, 2024/03/06, 16:00:53.840, 2582205191823, datacollector.dll, BlameCollector.CollectDumpAndAbortTesthost: Custom path to dump directory was provided via VSTEST_DUMP_PATH. Skipping attachment upload, the caller is responsible for collecting and uploading the dumps themselves.
TpTrace Verbose: 0 : 19824, 1, 2024/03/06, 16:00:53.841, 2582205194492, datacollector.dll, MulticastDelegateUtilities.SafeInvoke: DataCollectionEvents.SessionEnd: Invoking callback 1/1 for Microsoft.TestPlatform.Extensions.BlameDataCollector.BlameCollector., took 0 ms.
TpTrace Information: 0 : 19824, 1, 2024/03/06, 16:00:53.842, 2582205210058, datacollector.dll, DataCollectionManager.CleanupPlugins: CleanupPlugins called
TpTrace Verbose: 0 : 19824, 1, 2024/03/06, 16:00:53.842, 2582205211458, datacollector.dll, DataCollectionManager.CleanupPlugins: Cleaning up 1 plugins
TpTrace Verbose: 0 : 19824, 1, 2024/03/06, 16:00:53.843, 2582205215092, datacollector.dll, dataCollectorInfo.DisposeDataCollector: calling Dispose() on Microsoft.TestPlatform.Extensions.BlameDataCollector.BlameCollector
TpTrace Information: 0 : 19824, 1, 2024/03/06, 16:00:53.843, 2582205216799, datacollector.dll, DataCollectionManager.CleanupPlugins: CleanupPlugins finished
TpTrace Information: 0 : 19824, 1, 2024/03/06, 16:00:53.855, 2582205334650, datacollector.dll, DataCollectionRequestHandler.ProcessRequests : Session End message received from server. Closing the connection.
TpTrace Information: 0 : 19824, 1, 2024/03/06, 16:00:53.855, 2582205339776, datacollector.dll, Closing the connection !
TpTrace Information: 0 : 19824, 1, 2024/03/06, 16:00:53.855, 2582205340898, datacollector.dll, DataCollectionRequestHandler.ProcessRequests : DataCollection completed
TpTrace Information: 0 : 19824, 1, 2024/03/06, 16:00:53.855, 2582205341519, datacollector.dll, Program.Main: exiting datacollector process.
